# JRE version: Java(TM) SE Runtime Environment (8.0_91-b14) (build 1.8.0_91-b14)
# Java VM: Java HotSpot(TM) 64-Bit Server VM (25.91-b14 mixed mode bsd-amd64 compressed oops)
Heap:
 PSYoungGen      total 260096K, used 19079K [0x00000007aab00000, 0x00000007bed80000, 0x00000007c0000000)
  eden space 244224K, 3% used [0x00000007aab00000,0x00000007ab3783f0,0x00000007b9980000)
  from space 15872K, 65% used [0x00000007b9980000,0x00000007ba3a9af8,0x00000007ba900000)
  to   space 16384K, 0% used [0x00000007bdd80000,0x00000007bdd80000,0x00000007bed80000)
 ParOldGen       total 65024K, used 33985K [0x0000000780000000, 0x0000000783f80000, 0x00000007aab00000)
  object space 65024K, 52% used [0x0000000780000000,0x0000000782130568,0x0000000783f80000)
 Metaspace       used 51072K, capacity 51700K, committed 51880K, reserved 1095680K
  class space    used 6378K, capacity 6514K, committed 6568K, reserved 1048576K
GC Heap History (10 events):
Event: 6.502 GC heap before
{Heap before GC invocations=11 (full 1):
 PSYoungGen      total 139264K, used 129024K [0x00000007aab00000, 0x00000007b8800000, 0x00000007c0000000)
  eden space 129024K, 100% used [0x00000007aab00000,0x00000007b2900000,0x00000007b2900000)
  from space 10240K, 0% used [0x00000007b2900000,0x00000007b2900000,0x00000007b3300000)
  to   space 9728K, 0% used [0x00000007b7e80000,0x00000007b7e80000,0x00000007b8800000)
 ParOldGen       total 42496K, used 15170K [0x0000000780000000, 0x0000000782980000, 0x00000007aab00000)
  object space 42496K, 35% used [0x0000000780000000,0x0000000780ed0880,0x0000000782980000)
 Metaspace       used 26430K, capacity 26584K, committed 26880K, reserved 1073152K
  class space    used 3254K, capacity 3293K, committed 3328K, reserved 1048576K
Event: 6.519 GC heap after
Heap after GC invocations=11 (full 1):
 PSYoungGen      total 186368K, used 7870K [0x00000007aab00000, 0x00000007b8680000, 0x00000007c0000000)
  eden space 178176K, 0% used [0x00000007aab00000,0x00000007aab00000,0x00000007b5900000)
  from space 8192K, 96% used [0x00000007b7e80000,0x00000007b862fb10,0x00000007b8680000)
  to   space 10240K, 0% used [0x00000007b7280000,0x00000007b7280000,0x00000007b7c80000)
 ParOldGen       total 42496K, used 15178K [0x0000000780000000, 0x0000000782980000, 0x00000007aab00000)
  object space 42496K, 35% used [0x0000000780000000,0x0000000780ed2880,0x0000000782980000)
 Metaspace       used 26430K, capacity 26584K, committed 26880K, reserved 1073152K
  class space    used 3254K, capacity 3293K, committed 3328K, reserved 1048576K
}
Event: 8.895 GC heap before
{Heap before GC invocations=12 (full 1):
 PSYoungGen      total 186368K, used 143921K [0x00000007aab00000, 0x00000007b8680000, 0x00000007c0000000)
  eden space 178176K, 76% used [0x00000007aab00000,0x00000007b2fdc998,0x00000007b5900000)
  from space 8192K, 96% used [0x00000007b7e80000,0x00000007b862fb10,0x00000007b8680000)
  to   space 10240K, 0% used [0x00000007b7280000,0x00000007b7280000,0x00000007b7c80000)
 ParOldGen       total 42496K, used 15178K [0x0000000780000000, 0x0000000782980000, 0x00000007aab00000)
  object space 42496K, 35% used [0x0000000780000000,0x0000000780ed2880,0x0000000782980000)
 Metaspace       used 34988K, capacity 35312K, committed 35496K, reserved 1081344K
  class space    used 4385K, capacity 4484K, committed 4520K, reserved 1048576K
Event: 8.949 GC heap after
Heap after GC invocations=12 (full 1):
 PSYoungGen      total 214528K, used 10213K [0x00000007aab00000, 0x00000007bb600000, 0x00000007c0000000)
  eden space 204288K, 0% used [0x00000007aab00000,0x00000007aab00000,0x00000007b7280000)
  from space 10240K, 99% used [0x00000007b7280000,0x00000007b7c79628,0x00000007b7c80000)
  to   space 13312K, 0% used [0x00000007ba900000,0x00000007ba900000,0x00000007bb600000)
 ParOldGen       total 42496K, used 19940K [0x0000000780000000, 0x0000000782980000, 0x00000007aab00000)
  object space 42496K, 46% used [0x0000000780000000,0x0000000781379270,0x0000000782980000)
 Metaspace       used 34988K, capacity 35312K, committed 35496K, reserved 1081344K
  class space    used 4385K, capacity 4484K, committed 4520K, reserved 1048576K
}
Event: 8.949 GC heap before
{Heap before GC invocations=13 (full 2):
 PSYoungGen      total 214528K, used 10213K [0x00000007aab00000, 0x00000007bb600000, 0x00000007c0000000)
  eden space 204288K, 0% used [0x00000007aab00000,0x00000007aab00000,0x00000007b7280000)
  from space 10240K, 99% used [0x00000007b7280000,0x00000007b7c79628,0x00000007b7c80000)
  to   space 13312K, 0% used [0x00000007ba900000,0x00000007ba900000,0x00000007bb600000)
 ParOldGen       total 42496K, used 19940K [0x0000000780000000, 0x0000000782980000, 0x00000007aab00000)
  object space 42496K, 46% used [0x0000000780000000,0x0000000781379270,0x0000000782980000)
 Metaspace       used 34988K, capacity 35312K, committed 35496K, reserved 1081344K
  class space    used 4385K, capacity 4484K, committed 4520K, reserved 1048576K
Event: 9.095 GC heap after
Heap after GC invocations=13 (full 2):
 PSYoungGen      total 214528K, used 0K [0x00000007aab00000, 0x00000007bb600000, 0x00000007c0000000)
  eden space 204288K, 0% used [0x00000007aab00000,0x00000007aab00000,0x00000007b7280000)
  from space 10240K, 0% used [0x00000007b7280000,0x00000007b7280000,0x00000007b7c80000)
  to   space 13312K, 0% used [0x00000007ba900000,0x00000007ba900000,0x00000007bb600000)
 ParOldGen       total 65024K, used 24053K [0x0000000780000000, 0x0000000783f80000, 0x00000007aab00000)
  object space 65024K, 36% used [0x0000000780000000,0x000000078177d6e8,0x0000000783f80000)
 Metaspace       used 34988K, capacity 35312K, committed 35496K, reserved 1081344K
  class space    used 4385K, capacity 4484K, committed 4520K, reserved 1048576K
}
Event: 12.075 GC heap before
{Heap before GC invocations=14 (full 2):
 PSYoungGen      total 214528K, used 204288K [0x00000007aab00000, 0x00000007bb600000, 0x00000007c0000000)
  eden space 204288K, 100% used [0x00000007aab00000,0x00000007b7280000,0x00000007b7280000)
  from space 10240K, 0% used [0x00000007b7280000,0x00000007b7280000,0x00000007b7c80000)
  to   space 13312K, 0% used [0x00000007ba900000,0x00000007ba900000,0x00000007bb600000)
 ParOldGen       total 65024K, used 24053K [0x0000000780000000, 0x0000000783f80000, 0x00000007aab00000)
  object space 65024K, 36% used [0x0000000780000000,0x000000078177d6e8,0x0000000783f80000)
 Metaspace       used 45210K, capacity 45746K, committed 46120K, reserved 1089536K
  class space    used 5681K, capacity 5803K, committed 5928K, reserved 1048576K
Event: 12.123 GC heap after
Heap after GC invocations=14 (full 2):
 PSYoungGen      total 257536K, used 13287K [0x00000007aab00000, 0x00000007bc580000, 0x00000007c0000000)
  eden space 244224K, 0% used [0x00000007aab00000,0x00000007aab00000,0x00000007b9980000)
  from space 13312K, 99% used [0x00000007ba900000,0x00000007bb5f9f18,0x00000007bb600000)
  to   space 15872K, 0% used [0x00000007b9980000,0x00000007b9980000,0x00000007ba900000)
 ParOldGen       total 65024K, used 26428K [0x0000000780000000, 0x0000000783f80000, 0x00000007aab00000)
  object space 65024K, 40% used [0x0000000780000000,0x00000007819cf3c0,0x0000000783f80000)
 Metaspace       used 45210K, capacity 45746K, committed 46120K, reserved 1089536K
  class space    used 5681K, capacity 5803K, committed 5928K, reserved 1048576K
}
Event: 25246.822 GC heap before
{Heap before GC invocations=15 (full 2):
 PSYoungGen      total 257536K, used 257511K [0x00000007aab00000, 0x00000007bc580000, 0x00000007c0000000)
  eden space 244224K, 100% used [0x00000007aab00000,0x00000007b9980000,0x00000007b9980000)
  from space 13312K, 99% used [0x00000007ba900000,0x00000007bb5f9f18,0x00000007bb600000)
  to   space 15872K, 0% used [0x00000007b9980000,0x00000007b9980000,0x00000007ba900000)
 ParOldGen       total 65024K, used 26428K [0x0000000780000000, 0x0000000783f80000, 0x00000007aab00000)
  object space 65024K, 40% used [0x0000000780000000,0x00000007819cf3c0,0x0000000783f80000)
 Metaspace       used 51058K, capacity 51700K, committed 51880K, reserved 1095680K
  class space    used 6378K, capacity 6514K, committed 6568K, reserved 1048576K
Event: 25247.379 GC heap after
Heap after GC invocations=15 (full 2):
 PSYoungGen      total 260096K, used 10406K [0x00000007aab00000, 0x00000007bed80000, 0x00000007c0000000)
  eden space 244224K, 0% used [0x00000007aab00000,0x00000007aab00000,0x00000007b9980000)
  from space 15872K, 65% used [0x00000007b9980000,0x00000007ba3a9af8,0x00000007ba900000)
  to   space 16384K, 0% used [0x00000007bdd80000,0x00000007bdd80000,0x00000007bed80000)
 ParOldGen       total 65024K, used 33985K [0x0000000780000000, 0x0000000783f80000, 0x00000007aab00000)
  object space 65024K, 52% used [0x0000000780000000,0x0000000782130568,0x0000000783f80000)
 Metaspace       used 51058K, capacity 51700K, committed 51880K, reserved 1095680K
  class space    used 6378K, capacity 6514K, committed 6568K, reserved 1048576K
}

